<?xml version="1.0" encoding="UTF-8"?>
<testsuite name="org.proiect.hellospring.HelloSpringApplicationTests" tests="1" skipped="0" failures="0" errors="0" timestamp="2023-12-13T21:27:32" hostname="ASUS" time="1.754">
  <properties/>
  <testcase name="contextLoads()" classname="org.proiect.hellospring.HelloSpringApplicationTests" time="1.754"/>
  <system-out><![CDATA[23:27:28.878 [Test worker] INFO org.springframework.test.context.support.AnnotationConfigContextLoaderUtils -- Could not detect default configuration classes for test class [org.proiect.hellospring.HelloSpringApplicationTests]: HelloSpringApplicationTests does not declare any static, non-private, non-final, nested classes annotated with @Configuration.
23:27:29.115 [Test worker] INFO org.springframework.boot.test.context.SpringBootTestContextBootstrapper -- Found @SpringBootConfiguration org.proiect.hellospring.HelloSpringApplication for test class org.proiect.hellospring.HelloSpringApplicationTests

  .   ____          _            __ _ _
 /\\ / ___'_ __ _ _(_)_ __  __ _ \ \ \ \
( ( )\___ | '_ | '_| | '_ \/ _` | \ \ \ \
 \\/  ___)| |_)| | | | | || (_| |  ) ) ) )
  '  |____| .__|_| |_|_| |_\__, | / / / /
 =========|_|==============|___/=/_/_/_/
 :: Spring Boot ::                (v3.2.0)

2023-12-13T23:27:29.953+02:00  INFO 18684 --- [    Test worker] o.p.h.HelloSpringApplicationTests        : Starting HelloSpringApplicationTests using Java 17.0.9 with PID 18684 (started by Maria in D:\Maria\facultate\IS\Spring\hello-spring)
2023-12-13T23:27:29.956+02:00  INFO 18684 --- [    Test worker] o.p.h.HelloSpringApplicationTests        : No active profile set, falling back to 1 default profile: "default"
2023-12-13T23:27:32.716+02:00  INFO 18684 --- [    Test worker] o.p.h.HelloSpringApplicationTests        : Started HelloSpringApplicationTests in 3.174 seconds (process running for 5.431)
]]></system-out>
  <system-err><![CDATA[]]></system-err>
</testsuite>
